<?xml version="1.0" encoding="UTF-8"?>
<!-- Generated by org.testng.reporters.JUnitXMLReporter -->
<testsuite ignored="0" hostname="Admin-PC" failures="0" tests="4" name="Test" time="7.219" errors="0" timestamp="2026-06-06T18:01:19 IST">
  <testcase classname="Chaining.CreateUser" name="test_CreateUser" time="4.628"/>
  <testcase classname="Chaining.GetUser" name="testGetUser" time="1.095"/>
  <testcase classname="Chaining.UpdateUser" name="updateUserTest" time="0.773"/>
  <testcase classname="Chaining.DeleteUser" name="deleteUserTest" time="0.591"/>
</testsuite> <!-- Test -->
