<?xml version="1.0" encoding="UTF-8"?>
<testng-results ignored="0" total="4" passed="4" failed="0" skipped="0">
  <reporter-output>
  </reporter-output>
  <suite started-at="2026-06-06T18:01:11 IST" name="Suite" finished-at="2026-06-06T18:01:19 IST" duration-ms="7219">
    <groups>
    </groups>
    <test started-at="2026-06-06T18:01:11 IST" name="Test" finished-at="2026-06-06T18:01:19 IST" duration-ms="7219">
      <class name="Chaining.GetUser">
        <test-method signature="testGetUser(org.testng.ITestContext)[pri:0, instance:Chaining.GetUser@48f2bd5b]" started-at="2026-06-06T18:01:16 IST" name="testGetUser" finished-at="2026-06-06T18:01:17 IST" duration-ms="1095" status="PASS">
          <params>
            <param index="0">
              <value>
                <![CDATA[org.testng.TestRunner@4e268090]]>
              </value>
            </param>
          </params>
          <reporter-output>
          </reporter-output>
        </test-method> <!-- testGetUser -->
      </class> <!-- Chaining.GetUser -->
      <class name="Chaining.UpdateUser">
        <test-method signature="updateUserTest(org.testng.ITestContext)[pri:0, instance:Chaining.UpdateUser@7b2bbc3]" started-at="2026-06-06T18:01:17 IST" name="updateUserTest" finished-at="2026-06-06T18:01:18 IST" duration-ms="773" status="PASS">
          <params>
            <param index="0">
              <value>
                <![CDATA[org.testng.TestRunner@4e268090]]>
              </value>
            </param>
          </params>
          <reporter-output>
          </reporter-output>
        </test-method> <!-- updateUserTest -->
      </class> <!-- Chaining.UpdateUser -->
      <class name="Chaining.DeleteUser">
        <test-method signature="deleteUserTest(org.testng.ITestContext)[pri:0, instance:Chaining.DeleteUser@a1153bc]" started-at="2026-06-06T18:01:18 IST" name="deleteUserTest" finished-at="2026-06-06T18:01:19 IST" duration-ms="591" status="PASS">
          <params>
            <param index="0">
              <value>
                <![CDATA[org.testng.TestRunner@4e268090]]>
              </value>
            </param>
          </params>
          <reporter-output>
          </reporter-output>
        </test-method> <!-- deleteUserTest -->
      </class> <!-- Chaining.DeleteUser -->
      <class name="Chaining.CreateUser">
        <test-method signature="test_CreateUser(org.testng.ITestContext)[pri:0, instance:Chaining.CreateUser@128d2484]" started-at="2026-06-06T18:01:12 IST" name="test_CreateUser" finished-at="2026-06-06T18:01:16 IST" duration-ms="4628" status="PASS">
          <params>
            <param index="0">
              <value>
                <![CDATA[org.testng.TestRunner@4e268090]]>
              </value>
            </param>
          </params>
          <reporter-output>
          </reporter-output>
        </test-method> <!-- test_CreateUser -->
      </class> <!-- Chaining.CreateUser -->
    </test> <!-- Test -->
  </suite> <!-- Suite -->
</testng-results>
