<?xml version="1.0" encoding="UTF-8"?>
<!-- Generated by org.testng.reporters.JUnitReportReporter -->
<testsuite hostname="Admin-PC" failures="0" tests="4" name="HttpRequestDemo.HTTPRequest" time="10.104" errors="0" timestamp="2026-06-02T15:31:59 IST" skipped="0">
  <testcase classname="HttpRequestDemo.HTTPRequest" name="getUsers" time="8.149"/>
  <testcase classname="HttpRequestDemo.HTTPRequest" name="createUser" time="1.023"/>
  <testcase classname="HttpRequestDemo.HTTPRequest" name="updateUser" time="0.465"/>
  <testcase classname="HttpRequestDemo.HTTPRequest" name="deleteUser" time="0.467"/>
</testsuite> <!-- HttpRequestDemo.HTTPRequest -->
