<?xml version="1.0" encoding="UTF-8"?>
<!-- Generated by org.testng.reporters.JUnitReportReporter -->
<testsuite hostname="Admin-PC" failures="0" tests="6" name="AuthenticationPack.AuthenticationTest" time="9.814" errors="0" timestamp="2026-06-05T19:37:19 IST" skipped="0">
  <testcase classname="AuthenticationPack.AuthenticationTest" name="authTestBasic" time="4.963"/>
  <testcase classname="AuthenticationPack.AuthenticationTest" name="authTestDigest" time="0.886"/>
  <testcase classname="AuthenticationPack.AuthenticationTest" name="authTestPreempive" time="0.539"/>
  <testcase classname="AuthenticationPack.AuthenticationTest" name="authTestBearer" time="1.575"/>
  <testcase classname="AuthenticationPack.AuthenticationTest" name="testOAuth1" time="0.913"/>
  <testcase classname="AuthenticationPack.AuthenticationTest" name="testAPIKeys" time="0.938"/>
</testsuite> <!-- AuthenticationPack.AuthenticationTest -->
