<?xml version="1.0" encoding="UTF-8"?>
<!-- Generated by org.testng.reporters.JUnitReportReporter -->
<testsuite hostname="Admin-PC" failures="0" tests="1" name="MultipleWaysPostRequestGenerates.MultipleWaysPostRequestGenerates" time="4.946" errors="0" timestamp="2026-06-02T21:12:43 IST" skipped="0">
  <testcase classname="MultipleWaysPostRequestGenerates.MultipleWaysPostRequestGenerates" name="testPostUsingExternalJSONFile" time="4.946"/>
</testsuite> <!-- MultipleWaysPostRequestGenerates.MultipleWaysPostRequestGenerates -->
